<?xml version="1.0" encoding="UTF-8"?>
<testsuite xmlns:xsi="http://www.w3.org/2001/XMLSchema-instance" xsi:noNamespaceSchemaLocation="https://maven.apache.org/surefire/maven-surefire-plugin/xsd/surefire-test-report-3.0.xsd" version="3.0" name="TestSuite" time="2.196" tests="5" errors="0" skipped="0" failures="0">
  <properties>
[...]
</properties>
  <testcase name="testCreateUser" classname="com.framework.api.tests.UserEndpointTests" time="0.853"/>
  <testcase name="testGetUserByUsername" classname="com.framework.api.tests.UserEndpointTests" time="0.068"/>
  <testcase name="testUpdateUser" classname="com.framework.api.tests.UserEndpointTests" time="0.023"/>
  <testcase name="testDeleteUser" classname="com.framework.api.tests.UserEndpointTests" time="0.031"/>
  <testcase name="testUserSchema" classname="com.framework.api.tests.UserEndpointTests" time="0.128"/>
</testsuite>